<?xml version="1.0" encoding="UTF-8"?>
<!-- Generated by org.testng.reporters.JUnitXMLReporter -->
<testsuite ignored="0" hostname="LAPTOP-9TG9LBAG" failures="0" tests="3" name="Test" time="30.691" errors="0" timestamp="2025-07-01T21:45:42 IST">
  <testcase classname="testcases.TS_002_LoginDDT" name="verify_loginDDT" time="2.639"/>
  <testcase classname="testcases.TS_002_LoginDDT" name="verify_loginDDT" time="10.915"/>
  <testcase classname="testcases.TS_002_LoginDDT" name="verify_loginDDT" time="11.094"/>
</testsuite> <!-- Test -->
