<?xml version="1.0" encoding="UTF-8"?>
<testng-results ignored="0" total="2" passed="2" failed="0" skipped="0">
  <reporter-output>
  </reporter-output>
  <suite started-at="2025-07-07T23:06:34 IST" name="Main Suite" finished-at="2025-07-07T23:06:47 IST" duration-ms="13591">
    <groups>
    </groups>
    <test started-at="2025-07-07T23:06:34 IST" name="Test" finished-at="2025-07-07T23:06:47 IST" duration-ms="13591">
      <class name="testcases.TS_002_LoginFunctionality">
        <test-method is-config="true" signature="setup(java.lang.String,java.lang.String)[pri:0, instance:testcases.TS_002_LoginFunctionality@131ef10]" started-at="2025-07-07T23:06:45 IST" name="setup" finished-at="2025-07-07T23:06:46 IST" duration-ms="1437" status="PASS">
          <params>
            <param index="0">
              <value>
                <![CDATA[windows]]>
              </value>
            </param>
            <param index="1">
              <value>
                <![CDATA[chrome]]>
              </value>
            </param>
          </params>
          <reporter-output>
          </reporter-output>
        </test-method> <!-- setup -->
        <test-method signature="verify_login()[pri:0, instance:testcases.TS_002_LoginFunctionality@131ef10]" started-at="2025-07-07T23:06:46 IST" name="verify_login" finished-at="2025-07-07T23:06:47 IST" duration-ms="1252" status="PASS">
          <reporter-output>
          </reporter-output>
        </test-method> <!-- verify_login -->
        <test-method is-config="true" signature="teardown()[pri:0, instance:testcases.TS_002_LoginFunctionality@131ef10]" started-at="2025-07-07T23:06:47 IST" name="teardown" finished-at="2025-07-07T23:06:47 IST" duration-ms="176" status="PASS">
          <reporter-output>
          </reporter-output>
        </test-method> <!-- teardown -->
      </class> <!-- testcases.TS_002_LoginFunctionality -->
      <class name="testcases.TS_RF_001_RegisterFunctionality">
        <test-method is-config="true" signature="setup(java.lang.String,java.lang.String)[pri:0, instance:testcases.TS_RF_001_RegisterFunctionality@24313fcc]" started-at="2025-07-07T23:06:34 IST" name="setup" finished-at="2025-07-07T23:06:37 IST" duration-ms="3155" status="PASS">
          <params>
            <param index="0">
              <value>
                <![CDATA[windows]]>
              </value>
            </param>
            <param index="1">
              <value>
                <![CDATA[chrome]]>
              </value>
            </param>
          </params>
          <reporter-output>
          </reporter-output>
        </test-method> <!-- setup -->
        <test-method signature="verify_register_functionality()[pri:0, instance:testcases.TS_RF_001_RegisterFunctionality@24313fcc]" started-at="2025-07-07T23:06:37 IST" name="verify_register_functionality" finished-at="2025-07-07T23:06:44 IST" duration-ms="7037" status="PASS">
          <reporter-output>
          </reporter-output>
        </test-method> <!-- verify_register_functionality -->
        <test-method is-config="true" signature="teardown()[pri:0, instance:testcases.TS_RF_001_RegisterFunctionality@24313fcc]" started-at="2025-07-07T23:06:44 IST" name="teardown" finished-at="2025-07-07T23:06:45 IST" duration-ms="289" status="PASS">
          <reporter-output>
          </reporter-output>
        </test-method> <!-- teardown -->
      </class> <!-- testcases.TS_RF_001_RegisterFunctionality -->
    </test> <!-- Test -->
  </suite> <!-- Main Suite -->
</testng-results>
